<?xml version="1.0" encoding="UTF-8"?>
<!-- Generated by org.testng.reporters.JUnitXMLReporter -->
<testsuite ignored="0" hostname="hp" failures="0" tests="6" name="Module1" time="0.061" errors="0" timestamp="2024-02-13T22:40:05 IST">
  <testcase classname="testngdiscussion.TestClass" name="getDetails" time="0.007"/>
  <testcase classname="testngdiscussion.TestClass" name="SetDetails" time="0.001"/>
  <testcase classname="testngdiscussion.TestClass" name="login" time="0.001"/>
  <testcase classname="testngdiscussion.TestClass" name="Home" time="0.002"/>
  <testcase classname="testngdiscussion.TestClass" name="profile" time="0.001"/>
  <testcase classname="testngdiscussion.TestClass" name="Logout" time="0.001"/>
</testsuite> <!-- Module1 -->
