<?xml version="1.0" encoding="UTF-8"?>
<!-- Generated by org.testng.reporters.JUnitXMLReporter -->
<testsuite ignored="4" hostname="hp" failures="0" tests="2" name="Test" time="0.041" errors="0" timestamp="2024-02-13T22:16:24 IST">
  <testcase classname="testngdiscussion.InclusionAndExclusion" name="getDetails" time="0.006"/>
  <testcase classname="testngdiscussion.InclusionAndExclusion" name="Logout" time="0.001"/>
  <testcase classname="testngdiscussion.InclusionAndExclusion" name="Home" time="0.0">
    <ignored/>
  </testcase> <!-- Home -->
  <testcase classname="testngdiscussion.InclusionAndExclusion" name="login" time="0.0">
    <ignored/>
  </testcase> <!-- login -->
  <testcase classname="testngdiscussion.InclusionAndExclusion" name="profile" time="0.0">
    <ignored/>
  </testcase> <!-- profile -->
  <testcase classname="testngdiscussion.InclusionAndExclusion" name="SetDetails" time="0.0">
    <ignored/>
  </testcase> <!-- SetDetails -->
</testsuite> <!-- Test -->
