<?xml version="1.0" encoding="UTF-8"?>
<!-- Generated by org.testng.reporters.JUnitXMLReporter -->
<testsuite ignored="0" hostname="hp" failures="1" tests="1" name="Test1" time="0.595" errors="0" timestamp="2023-05-15T18:39:46 IST">
  <testcase classname="testngdiscussion.multiBrowserUsingparameter" name="login" time="0.587">
    <failure type="java.lang.IllegalStateException" message="The path to the driver executable Unable to locate the geckodriver executable; for more information on how to install drivers, see https://www.selenium.dev/documentation/webdriver/getting_started/install_drivers/">
      <![CDATA[java.lang.IllegalStateException: The path to the driver executable Unable to locate the geckodriver executable; for more information on how to install drivers, see https://www.selenium.dev/documentation/webdriver/getting_started/install_drivers/
at org.openqa.selenium.internal.Require$StateChecker.nonNull(Require.java:314)
at org.openqa.selenium.remote.service.DriverFinder.getPath(DriverFinder.java:33)
at org.openqa.selenium.firefox.FirefoxDriver.generateExecutor(FirefoxDriver.java:139)
at org.openqa.selenium.firefox.FirefoxDriver.<init>(FirefoxDriver.java:131)
at org.openqa.selenium.firefox.FirefoxDriver.<init>(FirefoxDriver.java:127)
at org.openqa.selenium.firefox.FirefoxDriver.<init>(FirefoxDriver.java:112)
at org.openqa.selenium.firefox.FirefoxDriver.<init>(FirefoxDriver.java:102)
at testngdiscussion.multiBrowserUsingparameter.login(multiBrowserUsingparameter.java:25)
at java.base/java.util.ArrayList.forEach(ArrayList.java:1511)
... Removed 27 stack frames]]>
    </failure>
  </testcase> <!-- login -->
</testsuite> <!-- Test1 -->
