<?xml version="1.0" encoding="UTF-8"?>
<testng-results ignored="0" total="1" passed="1" failed="0" skipped="0">
  <reporter-output>
  </reporter-output>
  <suite started-at="2024-04-30T15:48:54 IST" name="Default suite" finished-at="2024-04-30T15:49:40 IST" duration-ms="46422">
    <groups>
    </groups>
    <test started-at="2024-04-30T15:48:54 IST" name="Default test" finished-at="2024-04-30T15:49:40 IST" duration-ms="46422">
      <class name="webtable.WebTableHandling">
        <test-method signature="getvallues()[pri:0, instance:webtable.WebTableHandling@209da20d]" started-at="2024-04-30T15:48:54 IST" name="getvallues" finished-at="2024-04-30T15:49:40 IST" duration-ms="46364" status="PASS">
          <reporter-output>
          </reporter-output>
        </test-method> <!-- getvallues -->
      </class> <!-- webtable.WebTableHandling -->
    </test> <!-- Default test -->
  </suite> <!-- Default suite -->
</testng-results>
